2022-08-16 21:19:42,509 INFO  [org.jboss.as.server.deployment.scanner] (MSC service thread 1-8) WFLYDS0013: Started FileSystemDeploymentService for directory /home/sammael/Documentos/DWI-Programas/wildfly-24.0.1.Final/standalone/deployments
2022-08-16 21:19:42,547 INFO  [org.wildfly.extension.undertow] (MSC service thread 1-5) WFLYUT0006: Undertow HTTPS listener https listening on 127.0.0.1:8443
2022-08-16 21:19:42,635 INFO  [org.jboss.ws.common.management] (MSC service thread 1-7) JBWS022052: Starting JBossWS 5.4.4.Final (Apache CXF 3.3.10) 
2022-08-16 21:19:42,796 INFO  [org.jboss.as.server] (Controller Boot Thread) WFLYSRV0212: Resuming server
2022-08-16 21:19:42,799 INFO  [org.jboss.as] (Controller Boot Thread) WFLYSRV0025: WildFly Full 24.0.1.Final (WildFly Core 16.0.1.Final) started in 5752ms - Started 319 of 558 services (344 services are lazy, passive or on-demand)
2022-08-16 21:19:42,802 INFO  [org.jboss.as] (Controller Boot Thread) WFLYSRV0060: Http management interface listening on http://127.0.0.1:9990/management
2022-08-16 21:19:42,803 INFO  [org.jboss.as] (Controller Boot Thread) WFLYSRV0051: Admin console listening on http://127.0.0.1:9990
2022-08-16 21:23:44,839 INFO  [org.jboss.as.server] (management-handler-thread - 1) WFLYSRV0272: Suspending server
2022-08-16 21:23:44,850 INFO  [org.jboss.as.ejb3] (management-handler-thread - 1) WFLYEJB0493: Jakarta Enterprise Beans subsystem suspension complete
2022-08-16 21:23:44,851 INFO  [org.jboss.as.server] (Management Triggered Shutdown) WFLYSRV0241: Shutting down in response to management operation 'shutdown'
2022-08-16 21:23:44,889 INFO  [org.jboss.as.connector.subsystems.datasources] (MSC service thread 1-6) WFLYJCA0010: Unbound data source [java:jboss/datasources/ExampleDS]
2022-08-16 21:23:44,897 INFO  [org.wildfly.extension.undertow] (MSC service thread 1-1) WFLYUT0019: Host default-host stopping
2022-08-16 21:23:44,902 INFO  [org.wildfly.extension.undertow] (MSC service thread 1-7) WFLYUT0008: Undertow HTTPS listener https suspending
2022-08-16 21:23:44,913 INFO  [org.wildfly.extension.undertow] (MSC service thread 1-7) WFLYUT0007: Undertow HTTPS listener https stopped, was bound to 127.0.0.1:8443
2022-08-16 21:23:44,905 INFO  [org.wildfly.extension.undertow] (MSC service thread 1-6) WFLYUT0008: Undertow HTTP listener default suspending
2022-08-16 21:23:44,903 INFO  [org.jboss.as.connector.deployers.jdbc] (MSC service thread 1-3) WFLYJCA0019: Stopped Driver service with driver-name = h2
2022-08-16 21:23:44,898 INFO  [org.jboss.as.mail.extension] (MSC service thread 1-4) WFLYMAIL0002: Unbound mail session [java:jboss/mail/Default]
2022-08-16 21:23:44,917 INFO  [org.wildfly.extension.undertow] (MSC service thread 1-6) WFLYUT0007: Undertow HTTP listener default stopped, was bound to 127.0.0.1:8080
2022-08-16 21:23:44,923 INFO  [org.wildfly.extension.undertow] (MSC service thread 1-6) WFLYUT0004: Undertow 2.2.8.Final stopping
2022-08-16 21:23:44,939 INFO  [org.jboss.as] (MSC service thread 1-8) WFLYSRV0050: WildFly Full 24.0.1.Final (WildFly Core 16.0.1.Final) stopped in 51ms
2022-08-16 21:26:31,867 INFO  [org.jboss.modules] (main) JBoss Modules version 1.11.0.Final
2022-08-16 21:26:32,633 INFO  [org.jboss.msc] (main) JBoss MSC version 1.4.12.Final
2022-08-16 21:26:32,645 INFO  [org.jboss.threads] (main) JBoss Threads version 2.4.0.Final
2022-08-16 21:26:32,790 INFO  [org.jboss.as] (MSC service thread 1-1) WFLYSRV0049: WildFly Full 24.0.1.Final (WildFly Core 16.0.1.Final) starting
2022-08-16 21:26:32,793 DEBUG [org.jboss.as.config] (MSC service thread 1-1) Configured system properties:
	file.encoding = UTF-8
	file.separator = /
	java.awt.headless = true
	java.class.path = /home/sammael/Documentos/DWI-Programas/wildfly-24.0.1.Final/jboss-modules.jar
	java.class.version = 61.0
	java.home = /home/sammael/Documentos/DWI-Programas/eclipse/plugins/org.eclipse.justj.openjdk.hotspot.jre.full.linux.x86_64_17.0.2.v20220201-1208/jre
	java.io.tmpdir = /tmp
	java.library.path = /usr/java/packages/lib:/usr/lib64:/lib64:/lib:/usr/lib
	java.net.preferIPv4Stack = true
	java.runtime.name = OpenJDK Runtime Environment
	java.runtime.version = 17.0.2+8
	java.specification.name = Java Platform API Specification
	java.specification.vendor = Oracle Corporation
	java.specification.version = 17
	java.util.logging.manager = org.jboss.logmanager.LogManager
	java.vendor = Eclipse Adoptium
	java.vendor.url = https://adoptium.net/
	java.vendor.url.bug = https://github.com/adoptium/adoptium-support/issues
	java.vendor.version = Temurin-17.0.2+8
	java.version = 17.0.2
	java.version.date = 2022-01-18
	java.vm.compressedOopsMode = 32-bit
	java.vm.info = mixed mode
	java.vm.name = OpenJDK 64-Bit Server VM
	java.vm.specification.name = Java Virtual Machine Specification
	java.vm.specification.vendor = Oracle Corporation
	java.vm.specification.version = 17
	java.vm.vendor = Eclipse Adoptium
	java.vm.version = 17.0.2+8
	javax.management.builder.initial = org.jboss.as.jmx.PluggableMBeanServerBuilder
	jboss.bind.address = localhost
	jboss.bind.address.management = localhost
	jboss.home.dir = /home/sammael/Documentos/DWI-Programas/wildfly-24.0.1.Final
	jboss.host.name = sammael-x556ur
	jboss.modules.dir = /home/sammael/Documentos/DWI-Programas/wildfly-24.0.1.Final/modules
	jboss.modules.system.pkgs = org.jboss.byteman
	jboss.node.name = sammael-x556ur
	jboss.qualified.host.name = sammael-x556ur
	jboss.server.base.dir = /home/sammael/Documentos/DWI-Programas/wildfly-24.0.1.Final/standalone
	jboss.server.config.dir = /home/sammael/Documentos/DWI-Programas/wildfly-24.0.1.Final/standalone/configuration
	jboss.server.data.dir = /home/sammael/Documentos/DWI-Programas/wildfly-24.0.1.Final/standalone/data
	jboss.server.deploy.dir = /home/sammael/Documentos/DWI-Programas/wildfly-24.0.1.Final/standalone/data/content
	jboss.server.log.dir = /home/sammael/Documentos/DWI-Programas/wildfly-24.0.1.Final/standalone/log
	jboss.server.name = sammael-x556ur
	jboss.server.persist.config = true
	jboss.server.temp.dir = /home/sammael/Documentos/DWI-Programas/wildfly-24.0.1.Final/standalone/tmp
	jdk.debug = release
	line.separator = 

	logging.configuration = file:/home/sammael/Documentos/DWI-Programas/wildfly-24.0.1.Final/standalone/configuration/logging.properties
	module.path = /home/sammael/Documentos/DWI-Programas/wildfly-24.0.1.Final/modules
	native.encoding = UTF-8
	org.jboss.boot.log.file = /home/sammael/Documentos/DWI-Programas/wildfly-24.0.1.Final/standalone/log/boot.log
	org.jboss.logmanager.nocolor = true
	org.jboss.resolver.warning = true
	os.arch = amd64
	os.name = Linux
	os.version = 5.15.0-46-generic
	path.separator = :
	program.name = JBossTools: WildFly 24+
	sun.arch.data.model = 64
	sun.boot.library.path = /home/sammael/Documentos/DWI-Programas/eclipse/plugins/org.eclipse.justj.openjdk.hotspot.jre.full.linux.x86_64_17.0.2.v20220201-1208/jre/lib
	sun.cpu.endian = little
	sun.io.unicode.encoding = UnicodeLittle
	sun.java.command = org.jboss.modules.Main -mp /home/sammael/Documentos/DWI-Programas/wildfly-24.0.1.Final/modules org.jboss.as.standalone -b localhost --server-config=standalone.xml -Djboss.server.base.dir=/home/sammael/Documentos/DWI-Programas/wildfly-24.0.1.Final/standalone
	sun.java.launcher = SUN_STANDARD
	sun.jnu.encoding = UTF-8
	sun.management.compiler = HotSpot 64-Bit Tiered Compilers
	sun.rmi.dgc.client.gcInterval = 3600000
	sun.rmi.dgc.server.gcInterval = 3600000
	user.country = PE
	user.dir = /home/sammael/Documentos/DWI-Programas/wildfly-24.0.1.Final/bin
	user.home = /home/sammael
	user.language = es
	user.name = sammael
	user.timezone = America/Lima
2022-08-16 21:26:32,798 DEBUG [org.jboss.as.config] (MSC service thread 1-1) VM Arguments: -Dprogram.name=JBossTools: WildFly 24+ -Xms64m -Xmx512m -Dorg.jboss.resolver.warning=true -Djava.net.preferIPv4Stack=true -Dsun.rmi.dgc.client.gcInterval=3600000 -Dsun.rmi.dgc.server.gcInterval=3600000 -Djboss.modules.system.pkgs=org.jboss.byteman -Djava.awt.headless=true -Dorg.jboss.boot.log.file=/home/sammael/Documentos/DWI-Programas/wildfly-24.0.1.Final/standalone/log/boot.log -Dlogging.configuration=file:/home/sammael/Documentos/DWI-Programas/wildfly-24.0.1.Final/standalone/configuration/logging.properties -Djboss.home.dir=/home/sammael/Documentos/DWI-Programas/wildfly-24.0.1.Final -Dorg.jboss.logmanager.nocolor=true --add-exports=java.desktop/sun.awt=ALL-UNNAMED --add-exports=java.naming/com.sun.jndi.ldap=ALL-UNNAMED --add-opens=java.base/java.lang=ALL-UNNAMED --add-opens=java.base/java.lang.invoke=ALL-UNNAMED --add-opens=java.base/java.lang.reflect=ALL-UNNAMED --add-opens=java.base/java.io=ALL-UNNAMED --add-opens=java.base/java.security=ALL-UNNAMED --add-opens=java.base/java.util=ALL-UNNAMED --add-opens=java.base/java.util.concurrent=ALL-UNNAMED --add-opens=java.management/javax.management=ALL-UNNAMED --add-opens=java.naming/javax.naming=ALL-UNNAMED --add-exports=java.base/sun.nio.ch=ALL-UNNAMED --add-exports=jdk.unsupported/sun.misc=ALL-UNNAMED --add-exports=jdk.unsupported/sun.reflect=ALL-UNNAMED --add-modules=java.se -Djboss.bind.address.management=localhost -Dfile.encoding=UTF-8 -XX:+ShowCodeDetailsInExceptionMessages 
2022-08-16 21:26:34,172 INFO  [org.wildfly.security] (ServerService Thread Pool -- 14) ELY00001: WildFly Elytron version 1.16.1.Final
2022-08-16 21:26:34,591 INFO  [org.jboss.as.controller.management-deprecated] (ServerService Thread Pool -- 21) WFLYCTL0033: Extension 'security' is deprecated and may not be supported in future versions
2022-08-16 21:26:34,999 INFO  [org.jboss.as.controller.management-deprecated] (Controller Boot Thread) WFLYCTL0028: Attribute 'security-realm' in the resource at address '/core-service=management/management-interface=http-interface' is deprecated, and may be removed in a future version. See the attribute description in the output of the read-resource-description operation to learn more about the deprecation.
2022-08-16 21:26:35,063 INFO  [org.jboss.as.controller.management-deprecated] (ServerService Thread Pool -- 37) WFLYCTL0028: Attribute 'security-realm' in the resource at address '/subsystem=undertow/server=default-server/https-listener=https' is deprecated, and may be removed in a future version. See the attribute description in the output of the read-resource-description operation to learn more about the deprecation.
2022-08-16 21:26:35,137 INFO  [org.jboss.as.server] (Controller Boot Thread) WFLYSRV0039: Creating http management service using socket-binding (management-http)
2022-08-16 21:26:35,172 INFO  [org.xnio] (MSC service thread 1-2) XNIO version 3.8.4.Final
2022-08-16 21:26:35,198 INFO  [org.xnio.nio] (MSC service thread 1-2) XNIO NIO Implementation Version 3.8.4.Final
2022-08-16 21:26:35,251 INFO  [org.jboss.remoting] (MSC service thread 1-6) JBoss Remoting version 5.0.23.Final
2022-08-16 21:26:35,274 INFO  [org.wildfly.extension.health] (ServerService Thread Pool -- 52) WFLYHEALTH0001: Activating Base Health Subsystem
2022-08-16 21:26:35,293 INFO  [org.jboss.as.clustering.infinispan] (ServerService Thread Pool -- 53) WFLYCLINF0001: Activating Infinispan subsystem.
2022-08-16 21:26:35,310 INFO  [org.wildfly.extension.io] (ServerService Thread Pool -- 54) WFLYIO001: Worker 'default' has auto-configured to 8 IO threads with 64 max task threads based on your 4 available processors
2022-08-16 21:26:35,361 INFO  [org.jboss.as.connector] (MSC service thread 1-6) WFLYJCA0009: Starting Jakarta Connectors Subsystem (WildFly/IronJacamar 1.4.35.Final)
2022-08-16 21:26:35,367 INFO  [org.jboss.as.jsf] (ServerService Thread Pool -- 60) WFLYJSF0007: Activated the following Jakarta Server Faces Implementations: [main]
2022-08-16 21:26:35,383 INFO  [org.jboss.as.connector.subsystems.datasources] (ServerService Thread Pool -- 44) WFLYJCA0004: Deploying JDBC-compliant driver class org.h2.Driver (version 1.4)
2022-08-16 21:26:35,398 INFO  [org.wildfly.extension.metrics] (ServerService Thread Pool -- 62) WFLYMETRICS0001: Activating Base Metrics Subsystem
2022-08-16 21:26:35,402 INFO  [org.wildfly.extension.microprofile.config.smallrye] (ServerService Thread Pool -- 63) WFLYCONF0001: Activating MicroProfile Config Subsystem
2022-08-16 21:26:35,404 INFO  [org.jboss.as.connector.deployers.jdbc] (MSC service thread 1-6) WFLYJCA0018: Started Driver service with driver-name = h2
2022-08-16 21:26:35,406 INFO  [org.wildfly.extension.microprofile.jwt.smallrye] (ServerService Thread Pool -- 64) WFLYJWT0001: Activating MicroProfile JWT Subsystem
2022-08-16 21:26:35,424 INFO  [org.wildfly.extension.microprofile.opentracing] (ServerService Thread Pool -- 65) WFLYTRACEXT0001: Activating MicroProfile OpenTracing Subsystem
2022-08-16 21:26:35,450 INFO  [org.jboss.as.naming] (ServerService Thread Pool -- 66) WFLYNAM0001: Activating Naming Subsystem
2022-08-16 21:26:35,469 INFO  [org.jboss.as.jaxrs] (ServerService Thread Pool -- 55) WFLYRS0016: RESTEasy version 3.15.1.Final
2022-08-16 21:26:35,468 WARN  [org.wildfly.extension.elytron] (MSC service thread 1-8) WFLYELY00023: KeyStore file '/home/sammael/Documentos/DWI-Programas/wildfly-24.0.1.Final/standalone/configuration/application.keystore' does not exist. Used blank.
2022-08-16 21:26:35,488 WARN  [org.wildfly.extension.elytron] (MSC service thread 1-2) WFLYELY01084: KeyStore /home/sammael/Documentos/DWI-Programas/wildfly-24.0.1.Final/standalone/configuration/application.keystore not found, it will be auto generated on first use with a self-signed certificate for host localhost
2022-08-16 21:26:35,492 INFO  [org.jboss.as.naming] (MSC service thread 1-2) WFLYNAM0003: Starting Naming Service
2022-08-16 21:26:35,494 INFO  [org.jboss.as.mail.extension] (MSC service thread 1-8) WFLYMAIL0001: Bound mail session [java:jboss/mail/Default]
2022-08-16 21:26:35,515 INFO  [org.jboss.as.security] (ServerService Thread Pool -- 72) WFLYSEC0002: Activating Security Subsystem
2022-08-16 21:26:35,524 WARN  [org.jboss.as.txn] (ServerService Thread Pool -- 74) WFLYTX0013: The node-identifier attribute on the /subsystem=transactions is set to the default value. This is a danger for environments running multiple servers. Please make sure the attribute value is unique.
2022-08-16 21:26:35,529 INFO  [org.jboss.as.webservices] (ServerService Thread Pool -- 76) WFLYWS0002: Activating WebServices Extension
2022-08-16 21:26:35,571 INFO  [org.jboss.as.security] (MSC service thread 1-4) WFLYSEC0001: Current PicketBox version=5.0.3.Final-redhat-00007
2022-08-16 21:26:35,649 INFO  [org.wildfly.extension.undertow] (MSC service thread 1-7) WFLYUT0003: Undertow 2.2.8.Final starting
2022-08-16 21:26:35,746 INFO  [org.jboss.as.ejb3] (MSC service thread 1-7) WFLYEJB0482: Strict pool mdb-strict-max-pool is using a max instance size of 16 (per class), which is derived from the number of CPUs on this host.
2022-08-16 21:26:35,749 INFO  [org.jboss.as.ejb3] (MSC service thread 1-6) WFLYEJB0481: Strict pool slsb-strict-max-pool is using a max instance size of 64 (per class), which is derived from thread worker pool sizing.
2022-08-16 21:26:36,042 INFO  [org.wildfly.extension.undertow] (ServerService Thread Pool -- 75) WFLYUT0014: Creating file handler for path '/home/sammael/Documentos/DWI-Programas/wildfly-24.0.1.Final/welcome-content' with options [directory-listing: 'false', follow-symlink: 'false', case-sensitive: 'true', safe-symlink-paths: '[]']
2022-08-16 21:26:36,105 INFO  [org.wildfly.extension.undertow] (MSC service thread 1-5) WFLYUT0012: Started server default-server.
2022-08-16 21:26:36,110 INFO  [org.wildfly.extension.undertow] (MSC service thread 1-1) Queuing requests.
2022-08-16 21:26:36,111 INFO  [org.wildfly.extension.undertow] (MSC service thread 1-1) WFLYUT0018: Host default-host starting
2022-08-16 21:26:36,158 INFO  [org.jboss.as.ejb3] (MSC service thread 1-2) WFLYEJB0493: Jakarta Enterprise Beans subsystem suspension complete
2022-08-16 21:26:36,241 INFO  [org.wildfly.extension.undertow] (MSC service thread 1-3) WFLYUT0006: Undertow HTTP listener default listening on 127.0.0.1:8088
2022-08-16 21:26:36,250 INFO  [org.jboss.as.connector.subsystems.datasources] (MSC service thread 1-7) WFLYJCA0001: Bound data source [java:jboss/datasources/ExampleDS]
2022-08-16 21:26:37,030 INFO  [org.jboss.as.patching] (MSC service thread 1-3) WFLYPAT0050: WildFly Full cumulative patch ID is: base, one-off patches include: none
2022-08-16 21:26:37,057 WARN  [org.jboss.as.domain.management.security] (MSC service thread 1-2) WFLYDM0111: Keystore /home/sammael/Documentos/DWI-Programas/wildfly-24.0.1.Final/standalone/configuration/application.keystore not found, it will be auto generated on first use with a self signed certificate for host localhost
2022-08-16 21:26:37,071 INFO  [org.jboss.as.server.deployment.scanner] (MSC service thread 1-5) WFLYDS0013: Started FileSystemDeploymentService for directory /home/sammael/Documentos/DWI-Programas/wildfly-24.0.1.Final/standalone/deployments
2022-08-16 21:26:37,133 INFO  [org.wildfly.extension.undertow] (MSC service thread 1-5) WFLYUT0006: Undertow HTTPS listener https listening on 127.0.0.1:8448
2022-08-16 21:26:37,368 INFO  [org.jboss.ws.common.management] (MSC service thread 1-4) JBWS022052: Starting JBossWS 5.4.4.Final (Apache CXF 3.3.10) 
2022-08-16 21:26:37,489 INFO  [org.jboss.as.server] (Controller Boot Thread) WFLYSRV0212: Resuming server
2022-08-16 21:26:37,492 INFO  [org.jboss.as] (Controller Boot Thread) WFLYSRV0025: WildFly Full 24.0.1.Final (WildFly Core 16.0.1.Final) started in 6354ms - Started 319 of 558 services (344 services are lazy, passive or on-demand)
2022-08-16 21:26:37,494 INFO  [org.jboss.as] (Controller Boot Thread) WFLYSRV0060: Http management interface listening on http://127.0.0.1:9998/management
2022-08-16 21:26:37,495 INFO  [org.jboss.as] (Controller Boot Thread) WFLYSRV0051: Admin console listening on http://127.0.0.1:9998
2022-08-16 21:42:20,184 INFO  [org.jboss.as.server] (management-handler-thread - 3) WFLYSRV0272: Suspending server
2022-08-16 21:42:20,190 INFO  [org.jboss.as.ejb3] (management-handler-thread - 3) WFLYEJB0493: Jakarta Enterprise Beans subsystem suspension complete
2022-08-16 21:42:20,193 INFO  [org.jboss.as.server] (Management Triggered Shutdown) WFLYSRV0241: Shutting down in response to management operation 'shutdown'
2022-08-16 21:42:20,222 INFO  [org.jboss.as.connector.subsystems.datasources] (MSC service thread 1-2) WFLYJCA0010: Unbound data source [java:jboss/datasources/ExampleDS]
2022-08-16 21:42:20,224 INFO  [org.jboss.as.mail.extension] (MSC service thread 1-1) WFLYMAIL0002: Unbound mail session [java:jboss/mail/Default]
2022-08-16 21:42:20,225 INFO  [org.wildfly.extension.undertow] (MSC service thread 1-2) WFLYUT0019: Host default-host stopping
2022-08-16 21:42:20,227 INFO  [org.wildfly.extension.undertow] (MSC service thread 1-2) WFLYUT0008: Undertow HTTP listener default suspending
2022-08-16 21:42:20,227 INFO  [org.jboss.as.connector.deployers.jdbc] (MSC service thread 1-4) WFLYJCA0019: Stopped Driver service with driver-name = h2
2022-08-16 21:42:20,226 INFO  [org.wildfly.extension.undertow] (MSC service thread 1-5) WFLYUT0008: Undertow HTTPS listener https suspending
2022-08-16 21:42:20,231 INFO  [org.wildfly.extension.undertow] (MSC service thread 1-2) WFLYUT0007: Undertow HTTP listener default stopped, was bound to 127.0.0.1:8088
2022-08-16 21:42:20,243 INFO  [org.wildfly.extension.undertow] (MSC service thread 1-5) WFLYUT0007: Undertow HTTPS listener https stopped, was bound to 127.0.0.1:8448
2022-08-16 21:42:20,245 INFO  [org.wildfly.extension.undertow] (MSC service thread 1-7) WFLYUT0004: Undertow 2.2.8.Final stopping
2022-08-16 21:42:20,305 INFO  [org.jboss.as] (MSC service thread 1-1) WFLYSRV0050: WildFly Full 24.0.1.Final (WildFly Core 16.0.1.Final) stopped in 99ms
